<?xml version="1.0" encoding="UTF-8"?>
<!-- Generated by org.testng.reporters.JUnitReportReporter -->
<testsuite hostname="Thes-MacBook-Pro.local" failures="0" tests="2" name="Utilities.HomePageTasks" time="10.981" errors="0" timestamp="2021-12-16T19:04:29 EST" skipped="1">
  <testcase classname="Utilities.HomePageTasks" name="arrivals" time="10.981"/>
  <system-out/>
  <testcase classname="Utilities.HomePageTasks" name="sliders">
    <skipped/>
  </testcase> <!-- sliders -->
  <system-out/>
</testsuite> <!-- Utilities.HomePageTasks -->
