<?xml version="1.0" encoding="UTF-8"?>
<!-- Generated by org.testng.reporters.JUnitReportReporter -->
<testsuite hostname="Thes-MacBook-Pro.local" failures="0" tests="18" name="TestCases.HomePageTasks" time="26.366" errors="0" timestamp="2021-12-27T12:52:24 EST" skipped="17">
  <testcase classname="TestCases.HomePageTasks" name="arrivalsAddToBasketItemsCheckOutPaymentGatewayPlaceOrder" time="26.366"/>
  <system-out/>
  <testcase classname="TestCases.HomePageTasks" name="arrivalsAddToBasketItemsCoupon">
    <skipped/>
  </testcase> <!-- arrivalsAddToBasketItemsCoupon -->
  <system-out/>
  <testcase classname="TestCases.HomePageTasks" name="imagesInArrivals">
    <skipped/>
  </testcase> <!-- imagesInArrivals -->
  <system-out/>
  <testcase classname="TestCases.HomePageTasks" name="arrivalsAddToBasketItemsCheckOutPaymentGateway">
    <skipped/>
  </testcase> <!-- arrivalsAddToBasketItemsCheckOutPaymentGateway -->
  <system-out/>
  <testcase classname="TestCases.HomePageTasks" name="arrivalsAddToBasketItemsCheckOutBookFinalPrice">
    <skipped/>
  </testcase> <!-- arrivalsAddToBasketItemsCheckOutBookFinalPrice -->
  <system-out/>
  <testcase classname="TestCases.HomePageTasks" name="arrivalsImagesDescription">
    <skipped/>
  </testcase> <!-- arrivalsImagesDescription -->
  <system-out/>
  <testcase classname="TestCases.HomePageTasks" name="arrivalsAddToBasketWithMoreBooks">
    <skipped/>
  </testcase> <!-- arrivalsAddToBasketWithMoreBooks -->
  <system-out/>
  <testcase classname="TestCases.HomePageTasks" name="arrivalsAddToBasketItems">
    <skipped/>
  </testcase> <!-- arrivalsAddToBasketItems -->
  <system-out/>
  <testcase classname="TestCases.HomePageTasks" name="sliders">
    <skipped/>
  </testcase> <!-- sliders -->
  <system-out/>
  <testcase classname="TestCases.HomePageTasks" name="arrivalsAddToBasketItemsRemoveBook">
    <skipped/>
  </testcase> <!-- arrivalsAddToBasketItemsRemoveBook -->
  <system-out/>
  <testcase classname="TestCases.HomePageTasks" name="arrivalsAddToBasketItemsCouponValue450">
    <skipped/>
  </testcase> <!-- arrivalsAddToBasketItemsCouponValue450 -->
  <system-out/>
  <testcase classname="TestCases.HomePageTasks" name="arrivalsAddToBasketItemsCheckOutTotalAndSubototalCondition">
    <skipped/>
  </testcase> <!-- arrivalsAddToBasketItemsCheckOutTotalAndSubototalCondition -->
  <system-out/>
  <testcase classname="TestCases.HomePageTasks" name="arrivals">
    <skipped/>
  </testcase> <!-- arrivals -->
  <system-out/>
  <testcase classname="TestCases.HomePageTasks" name="arrivalsImagesAddToBasket">
    <skipped/>
  </testcase> <!-- arrivalsImagesAddToBasket -->
  <system-out/>
  <testcase classname="TestCases.HomePageTasks" name="arrivalsImagesReviews">
    <skipped/>
  </testcase> <!-- arrivalsImagesReviews -->
  <system-out/>
  <testcase classname="TestCases.HomePageTasks" name="arrivalsAddToBasketItemsAddBook">
    <skipped/>
  </testcase> <!-- arrivalsAddToBasketItemsAddBook -->
  <system-out/>
  <testcase classname="TestCases.HomePageTasks" name="arrivalsAddToBasketItemsCheckOutFunctionality">
    <skipped/>
  </testcase> <!-- arrivalsAddToBasketItemsCheckOutFunctionality -->
  <system-out/>
  <testcase classname="TestCases.HomePageTasks" name="arrivalsAddToBasketItemsCheckOutUpdateBasket">
    <skipped/>
  </testcase> <!-- arrivalsAddToBasketItemsCheckOutUpdateBasket -->
  <system-out/>
</testsuite> <!-- TestCases.HomePageTasks -->
